[2024.09.16 21:06:02] INFO: "GET /admin HTTP/1.1" 301 0
[2024.09.16 21:06:02] INFO: "GET /admin/ HTTP/1.1" 302 0
[2024.09.16 21:06:05] INFO: "GET /admin/login/?next=/admin/ HTTP/1.1" 200 4158
[2024.09.16 21:06:05] INFO: "GET /static/admin/css/dark_mode.css HTTP/1.1" 200 2682
[2024.09.16 21:06:05] INFO: "GET /static/admin/css/login.css HTTP/1.1" 200 958
[2024.09.16 21:06:05] INFO: "GET /static/admin/css/nav_sidebar.css HTTP/1.1" 200 2810
[2024.09.16 21:06:05] INFO: "GET /static/admin/css/responsive.css HTTP/1.1" 200 17905
[2024.09.16 21:06:05] INFO: "GET /static/admin/js/nav_sidebar.js HTTP/1.1" 200 3063
[2024.09.16 21:06:05] INFO: "GET /static/admin/css/base.css HTTP/1.1" 200 21544
[2024.09.16 21:06:05] INFO: "GET /static/admin/js/theme.js HTTP/1.1" 200 1943
[2024.09.16 21:06:07] WARNING: "GET /favicon.ico HTTP/1.1" 404 3749
[2024.09.16 21:06:10] INFO: "POST /admin/login/?next=/admin/ HTTP/1.1" 302 0
[2024.09.16 21:06:11] INFO: "GET /admin/ HTTP/1.1" 200 17706
[2024.09.16 21:06:11] INFO: "GET /static/admin/css/dashboard.css HTTP/1.1" 200 441
[2024.09.16 21:06:11] INFO: "GET /static/admin/img/icon-changelink.svg HTTP/1.1" 200 380
[2024.09.16 21:06:11] INFO: "GET /static/admin/img/icon-deletelink.svg HTTP/1.1" 200 392
[2024.09.16 21:06:11] INFO: "GET /static/admin/img/icon-addlink.svg HTTP/1.1" 200 331
[2024.09.16 21:10:05] INFO: "GET /admin/kaspi/good/add/ HTTP/1.1" 200 15551
[2024.09.16 21:10:05] INFO: "GET /static/admin/css/forms.css HTTP/1.1" 200 9090
[2024.09.16 21:10:05] INFO: "GET /static/admin/js/jquery.init.js HTTP/1.1" 200 347
[2024.09.16 21:10:05] INFO: "GET /static/admin/js/admin/RelatedObjectLookups.js HTTP/1.1" 200 9042
[2024.09.16 21:10:05] INFO: "GET /static/admin/js/core.js HTTP/1.1" 200 6208
[2024.09.16 21:10:05] INFO: "GET /static/admin/css/widgets.css HTTP/1.1" 200 11800
[2024.09.16 21:10:05] INFO: "GET /static/admin/js/actions.js HTTP/1.1" 200 8067
[2024.09.16 21:10:05] INFO: "GET /static/admin/js/prepopulate.js HTTP/1.1" 200 1531
[2024.09.16 21:10:05] INFO: "GET /static/admin/js/prepopulate_init.js HTTP/1.1" 200 586
[2024.09.16 21:10:05] INFO: "GET /static/admin/js/urlify.js HTTP/1.1" 200 7887
[2024.09.16 21:10:05] INFO: "GET /static/admin/js/vendor/jquery/jquery.js HTTP/1.1" 200 285314
[2024.09.16 21:10:05] INFO: "GET /static/admin/js/vendor/xregexp/xregexp.js HTTP/1.1" 200 325171
[2024.09.16 21:10:06] INFO: "GET /static/admin/js/change_form.js HTTP/1.1" 200 606
[2024.09.16 21:10:07] INFO: "GET /admin/jsi18n/ HTTP/1.1" 200 3342
[2024.09.16 21:10:21] INFO: "POST /admin/kaspi/good/add/ HTTP/1.1" 302 0
[2024.09.16 21:10:21] INFO: "GET /admin/kaspi/good/ HTTP/1.1" 200 16958
[2024.09.16 21:10:21] INFO: "GET /static/admin/css/changelists.css HTTP/1.1" 200 6811
[2024.09.16 21:10:21] INFO: "GET /static/admin/js/filters.js HTTP/1.1" 200 978
[2024.09.16 21:10:21] INFO: "GET /static/admin/img/tooltag-add.svg HTTP/1.1" 200 331
[2024.09.16 21:10:21] INFO: "GET /static/admin/img/icon-yes.svg HTTP/1.1" 200 436
[2024.09.16 21:59:16] INFO: "GET /admin/kaspi/good/add/ HTTP/1.1" 200 15551
[2024.09.16 21:59:21] INFO: "GET /admin/ HTTP/1.1" 200 17711
[2024.09.20 20:57:09] INFO: "GET /polls/index HTTP/1.1" 301 0
[2024.09.20 20:57:09] ERROR: "GET /polls/index/ HTTP/1.1" 500 88647
[2024.09.20 20:57:10] WARNING: "GET /favicon.ico HTTP/1.1" 404 3749
[2024.09.20 20:58:35] WARNING: "GET /polls/ HTTP/1.1" 404 10571
[2024.09.20 20:58:38] INFO: "GET /polls/index/ HTTP/1.1" 302 0
[2024.09.20 20:58:39] INFO: "GET /polls/login?next=/polls/index/ HTTP/1.1" 200 1389
[2024.09.20 20:58:39] INFO: "GET /static/polls/css/main.css HTTP/1.1" 200 462
[2024.09.20 21:00:48] INFO: "GET /admin HTTP/1.1" 301 0
[2024.09.20 21:00:48] INFO: "GET /admin/ HTTP/1.1" 302 0
[2024.09.20 21:00:50] INFO: "GET /admin/login/?next=/admin/ HTTP/1.1" 200 4158
[2024.09.20 21:00:50] INFO: "GET /static/admin/css/base.css HTTP/1.1" 200 21544
[2024.09.20 21:00:50] INFO: "GET /static/admin/css/dark_mode.css HTTP/1.1" 200 2682
[2024.09.20 21:00:50] INFO: "GET /static/admin/css/nav_sidebar.css HTTP/1.1" 200 2810
[2024.09.20 21:00:51] INFO: "GET /static/admin/css/login.css HTTP/1.1" 200 958
[2024.09.20 21:00:51] INFO: "GET /static/admin/css/responsive.css HTTP/1.1" 200 17905
[2024.09.20 21:00:51] INFO: "GET /static/admin/js/nav_sidebar.js HTTP/1.1" 200 3063
[2024.09.20 21:00:51] INFO: "GET /static/admin/js/theme.js HTTP/1.1" 200 1943
[2024.09.20 21:05:46] INFO: "POST /admin/login/?next=/admin/ HTTP/1.1" 302 0
[2024.09.20 21:05:47] INFO: "GET /admin/ HTTP/1.1" 200 17711
[2024.09.20 21:05:47] INFO: "GET /static/admin/css/dashboard.css HTTP/1.1" 200 441
[2024.09.20 21:05:47] INFO: "GET /static/admin/img/icon-deletelink.svg HTTP/1.1" 200 392
[2024.09.20 21:05:47] INFO: "GET /static/admin/img/icon-changelink.svg HTTP/1.1" 200 380
[2024.09.20 21:05:47] INFO: "GET /static/admin/img/icon-addlink.svg HTTP/1.1" 200 331
